  GameServerStudy.cpp
C:\Users\CYHONG\source\repos\GameServerStudy\GameServerStudy\GameServerStudy.cpp(18,12): warning C4244: '인수': 'time_t'에서 'unsigned int'(으)로 변환하면서 데이터가 손실될 수 있습니다.
C:\Users\CYHONG\source\repos\GameServerStudy\GameServerStudy\GameServerStudy.cpp(28,16): error C2065: 'SCISSORS': 선언되지 않은 식별자입니다.
C:\Users\CYHONG\source\repos\GameServerStudy\GameServerStudy\GameServerStudy.cpp(30,9): error C2065: 'SCISSORS': 선언되지 않은 식별자입니다.
C:\Users\CYHONG\source\repos\GameServerStudy\GameServerStudy\GameServerStudy.cpp(30,9): error C2131: 식이 상수로 계산되지 않았습니다.
C:\Users\CYHONG\source\repos\GameServerStudy\GameServerStudy\GameServerStudy.cpp(30,9): message : 상수가 아닌 식 또는 부분식이 있습니다.
C:\Users\CYHONG\source\repos\GameServerStudy\GameServerStudy\GameServerStudy.cpp(33,9): error C2065: 'ROCK': 선언되지 않은 식별자입니다.
C:\Users\CYHONG\source\repos\GameServerStudy\GameServerStudy\GameServerStudy.cpp(33,9): error C2131: 식이 상수로 계산되지 않았습니다.
C:\Users\CYHONG\source\repos\GameServerStudy\GameServerStudy\GameServerStudy.cpp(33,9): message : 상수가 아닌 식 또는 부분식이 있습니다.
C:\Users\CYHONG\source\repos\GameServerStudy\GameServerStudy\GameServerStudy.cpp(36,9): error C2065: 'PAPER': 선언되지 않은 식별자입니다.
C:\Users\CYHONG\source\repos\GameServerStudy\GameServerStudy\GameServerStudy.cpp(36,9): error C2131: 식이 상수로 계산되지 않았습니다.
C:\Users\CYHONG\source\repos\GameServerStudy\GameServerStudy\GameServerStudy.cpp(36,9): message : 상수가 아닌 식 또는 부분식이 있습니다.
C:\Users\CYHONG\source\repos\GameServerStudy\GameServerStudy\GameServerStudy.cpp(43,21): error C2065: 'ROCK': 선언되지 않은 식별자입니다.
C:\Users\CYHONG\source\repos\GameServerStudy\GameServerStudy\GameServerStudy.cpp(45,9): error C2065: 'SCISSORS': 선언되지 않은 식별자입니다.
C:\Users\CYHONG\source\repos\GameServerStudy\GameServerStudy\GameServerStudy.cpp(45,9): error C2131: 식이 상수로 계산되지 않았습니다.
C:\Users\CYHONG\source\repos\GameServerStudy\GameServerStudy\GameServerStudy.cpp(45,9): message : 상수가 아닌 식 또는 부분식이 있습니다.
C:\Users\CYHONG\source\repos\GameServerStudy\GameServerStudy\GameServerStudy.cpp(48,9): error C2065: 'ROCK': 선언되지 않은 식별자입니다.
C:\Users\CYHONG\source\repos\GameServerStudy\GameServerStudy\GameServerStudy.cpp(48,9): error C2131: 식이 상수로 계산되지 않았습니다.
C:\Users\CYHONG\source\repos\GameServerStudy\GameServerStudy\GameServerStudy.cpp(48,9): message : 상수가 아닌 식 또는 부분식이 있습니다.
C:\Users\CYHONG\source\repos\GameServerStudy\GameServerStudy\GameServerStudy.cpp(51,9): error C2065: 'PAPER': 선언되지 않은 식별자입니다.
C:\Users\CYHONG\source\repos\GameServerStudy\GameServerStudy\GameServerStudy.cpp(51,9): error C2131: 식이 상수로 계산되지 않았습니다.
C:\Users\CYHONG\source\repos\GameServerStudy\GameServerStudy\GameServerStudy.cpp(51,9): message : 상수가 아닌 식 또는 부분식이 있습니다.
C:\Users\CYHONG\source\repos\GameServerStudy\GameServerStudy\GameServerStudy.cpp(60,9): error C2065: 'SCISSORS': 선언되지 않은 식별자입니다.
C:\Users\CYHONG\source\repos\GameServerStudy\GameServerStudy\GameServerStudy.cpp(60,9): error C2131: 식이 상수로 계산되지 않았습니다.
C:\Users\CYHONG\source\repos\GameServerStudy\GameServerStudy\GameServerStudy.cpp(60,9): message : 상수가 아닌 식 또는 부분식이 있습니다.
C:\Users\CYHONG\source\repos\GameServerStudy\GameServerStudy\GameServerStudy.cpp(63,9): error C2065: 'ROCK': 선언되지 않은 식별자입니다.
C:\Users\CYHONG\source\repos\GameServerStudy\GameServerStudy\GameServerStudy.cpp(63,9): error C2131: 식이 상수로 계산되지 않았습니다.
C:\Users\CYHONG\source\repos\GameServerStudy\GameServerStudy\GameServerStudy.cpp(63,9): message : 상수가 아닌 식 또는 부분식이 있습니다.
C:\Users\CYHONG\source\repos\GameServerStudy\GameServerStudy\GameServerStudy.cpp(66,9): error C2065: 'PAPER': 선언되지 않은 식별자입니다.
C:\Users\CYHONG\source\repos\GameServerStudy\GameServerStudy\GameServerStudy.cpp(66,9): error C2131: 식이 상수로 계산되지 않았습니다.
C:\Users\CYHONG\source\repos\GameServerStudy\GameServerStudy\GameServerStudy.cpp(66,9): message : 상수가 아닌 식 또는 부분식이 있습니다.
